mode: set
github.com/newcore-network/go-stdlib/cfg.go:27.51,29.38 2 1
github.com/newcore-network/go-stdlib/cfg.go:29.38,31.3 1 1
github.com/newcore-network/go-stdlib/cfg.go:33.2,33.41 1 1
github.com/newcore-network/go-stdlib/cfg.go:33.41,34.57 1 1
github.com/newcore-network/go-stdlib/cfg.go:34.57,36.4 1 0
github.com/newcore-network/go-stdlib/cfg.go:37.8,37.27 1 1
github.com/newcore-network/go-stdlib/cfg.go:37.27,39.3 1 1
github.com/newcore-network/go-stdlib/cfg.go:41.2,42.16 2 1
github.com/newcore-network/go-stdlib/cfg.go:42.16,44.3 1 1
github.com/newcore-network/go-stdlib/cfg.go:45.2,46.16 2 1
github.com/newcore-network/go-stdlib/cfg.go:46.16,48.3 1 0
github.com/newcore-network/go-stdlib/cfg.go:49.2,50.16 2 1
github.com/newcore-network/go-stdlib/cfg.go:50.16,52.3 1 0
github.com/newcore-network/go-stdlib/cfg.go:54.2,55.47 2 1
github.com/newcore-network/go-stdlib/cfg.go:55.47,57.3 1 1
github.com/newcore-network/go-stdlib/cfg.go:59.2,70.3 1 1
github.com/newcore-network/go-stdlib/connection.go:35.32,37.2 1 0
github.com/newcore-network/go-stdlib/connection.go:41.84,46.37 3 0
github.com/newcore-network/go-stdlib/connection.go:46.37,48.17 2 0
github.com/newcore-network/go-stdlib/connection.go:48.17,49.9 1 0
github.com/newcore-network/go-stdlib/connection.go:52.3,53.30 2 0
github.com/newcore-network/go-stdlib/connection.go:56.2,56.16 1 0
github.com/newcore-network/go-stdlib/connection.go:56.16,58.3 1 0
github.com/newcore-network/go-stdlib/connection.go:60.2,62.41 2 0
github.com/newcore-network/go-stdlib/connection.go:67.85,75.16 3 0
github.com/newcore-network/go-stdlib/connection.go:75.16,76.35 1 0
github.com/newcore-network/go-stdlib/connection.go:79.2,79.15 1 0
github.com/newcore-network/go-stdlib/connection.go:84.84,85.22 1 0
github.com/newcore-network/go-stdlib/connection.go:85.22,88.3 2 0
github.com/newcore-network/go-stdlib/connection.go:90.2,99.48 3 0
github.com/newcore-network/go-stdlib/connection.go:99.48,101.3 1 0
github.com/newcore-network/go-stdlib/connection.go:103.2,104.11 2 0
github.com/newcore-network/go-stdlib/connection.go:109.64,110.22 1 0
github.com/newcore-network/go-stdlib/connection.go:110.22,113.3 2 0
github.com/newcore-network/go-stdlib/connection.go:115.2,115.55 1 0
github.com/newcore-network/go-stdlib/connection.go:115.55,117.3 1 0
github.com/newcore-network/go-stdlib/connection.go:119.2,120.31 2 0
github.com/newcore-network/go-stdlib/connection.go:120.31,122.3 1 0
github.com/newcore-network/go-stdlib/connection.go:124.2,125.11 2 0
github.com/newcore-network/go-stdlib/connection.go:131.100,133.16 2 0
github.com/newcore-network/go-stdlib/connection.go:133.16,136.3 2 0
github.com/newcore-network/go-stdlib/connection.go:137.2,142.11 5 0
github.com/newcore-network/go-stdlib/connection.go:147.71,149.50 2 0
github.com/newcore-network/go-stdlib/connection.go:149.50,151.3 1 0
github.com/newcore-network/go-stdlib/connection.go:152.2,153.11 2 0
github.com/newcore-network/go-stdlib/connection.go:157.55,160.2 2 0
github.com/newcore-network/go-stdlib/drivers.go:18.76,23.16 3 0
github.com/newcore-network/go-stdlib/drivers.go:23.16,25.3 1 0
github.com/newcore-network/go-stdlib/drivers.go:27.2,27.28 1 0
github.com/newcore-network/go-stdlib/drivers.go:31.77,36.16 3 0
github.com/newcore-network/go-stdlib/drivers.go:36.16,38.3 1 0
github.com/newcore-network/go-stdlib/drivers.go:40.2,40.28 1 0
github.com/newcore-network/go-stdlib/logger.go:14.19,26.2 3 0
github.com/newcore-network/go-stdlib/logger.go:29.54,31.2 1 0
github.com/newcore-network/go-stdlib/logger.go:34.54,36.2 1 0
github.com/newcore-network/go-stdlib/logger.go:39.55,41.49 1 0
github.com/newcore-network/go-stdlib/logger.go:41.49,46.3 4 0
github.com/newcore-network/go-stdlib/logger.go:47.2,47.53 1 0
github.com/newcore-network/go-stdlib/logger.go:51.55,53.2 1 0
github.com/newcore-network/go-stdlib/logger.go:56.55,58.49 1 0
github.com/newcore-network/go-stdlib/logger.go:58.49,63.3 4 0
github.com/newcore-network/go-stdlib/logger.go:64.2,64.53 1 0
github.com/newcore-network/go-stdlib/logger.go:68.73,69.16 1 0
github.com/newcore-network/go-stdlib/logger.go:69.16,72.3 2 0
github.com/newcore-network/go-stdlib/stdError.go:20.86,30.2 3 0
github.com/newcore-network/go-stdlib/stdError.go:33.51,42.2 3 0
github.com/newcore-network/go-stdlib/stdError.go:45.77,56.2 3 0
github.com/newcore-network/go-stdlib/stdError.go:59.90,69.2 3 0
github.com/newcore-network/go-stdlib/stdError.go:72.83,82.2 3 0
github.com/newcore-network/go-stdlib/stdError.go:85.84,96.2 3 0
github.com/newcore-network/go-stdlib/stdError.go:99.61,108.2 3 0
github.com/newcore-network/go-stdlib/stdError.go:111.55,120.2 3 0
github.com/newcore-network/go-stdlib/stdError.go:123.61,132.2 3 0
github.com/newcore-network/go-stdlib/stdError.go:135.52,144.2 3 0
github.com/newcore-network/go-stdlib/stdError.go:147.61,156.2 3 0
github.com/newcore-network/go-stdlib/stdError.go:159.68,168.2 3 0
github.com/newcore-network/go-stdlib/stdError.go:171.49,181.2 3 0
github.com/newcore-network/go-stdlib/stdError.go:184.55,193.2 3 0
github.com/newcore-network/go-stdlib/stdError.go:196.59,206.58 3 0
github.com/newcore-network/go-stdlib/stdError.go:206.58,208.3 1 0
github.com/newcore-network/go-stdlib/stdError.go:209.2,209.51 1 0
github.com/newcore-network/go-stdlib/stdError.go:213.69,218.2 2 0
github.com/newcore-network/go-stdlib/stdResponse.go:12.68,24.2 3 0
github.com/newcore-network/go-stdlib/stdResponse.go:26.75,33.2 2 0
